\BOOKMARK [0][-]{chapter.1}{Introduction}{}% 1
\BOOKMARK [1][-]{section.1.1}{Purpose}{chapter.1}% 2
\BOOKMARK [1][-]{section.1.2}{Document Conventions}{chapter.1}% 3
\BOOKMARK [1][-]{section.1.3}{Intended Audience and Reading Suggestions}{chapter.1}% 4
\BOOKMARK [1][-]{section.1.4}{Project Scope}{chapter.1}% 5
\BOOKMARK [1][-]{section.1.5}{References}{chapter.1}% 6
\BOOKMARK [0][-]{chapter.2}{Overall Description}{}% 7
\BOOKMARK [1][-]{section.2.1}{Product Perspective}{chapter.2}% 8
\BOOKMARK [1][-]{section.2.2}{Product Functions}{chapter.2}% 9
\BOOKMARK [1][-]{section.2.3}{User Classes and Characteristics}{chapter.2}% 10
\BOOKMARK [1][-]{section.2.4}{Operating Environment}{chapter.2}% 11
\BOOKMARK [1][-]{section.2.5}{Design and Implementation Constraints}{chapter.2}% 12
\BOOKMARK [1][-]{section.2.6}{User Documentation}{chapter.2}% 13
\BOOKMARK [1][-]{section.2.7}{Assumptions and Dependencies}{chapter.2}% 14
\BOOKMARK [0][-]{chapter.3}{External Interface Requirements}{}% 15
\BOOKMARK [1][-]{section.3.1}{User Interfaces}{chapter.3}% 16
\BOOKMARK [1][-]{section.3.2}{Hardware Interfaces}{chapter.3}% 17
\BOOKMARK [1][-]{section.3.3}{Software Interfaces}{chapter.3}% 18
\BOOKMARK [1][-]{section.3.4}{Communications Interfaces}{chapter.3}% 19
\BOOKMARK [0][-]{chapter.4}{System Features}{}% 20
\BOOKMARK [1][-]{section.4.1}{Selecting Parts of the Image for Atmospheric Correction}{chapter.4}% 21
\BOOKMARK [2][-]{subsection.4.1.1}{Description}{section.4.1}% 22
\BOOKMARK [2][-]{subsection.4.1.2}{Stimulus/Response Sequences}{section.4.1}% 23
\BOOKMARK [2][-]{subsection.4.1.3}{Functional Requirements}{section.4.1}% 24
\BOOKMARK [0][-]{chapter.5}{Other Nonfunctional Requirements}{}% 25
\BOOKMARK [1][-]{section.5.1}{Performance Requirements}{chapter.5}% 26
\BOOKMARK [1][-]{section.5.2}{Safety Requirements}{chapter.5}% 27
\BOOKMARK [1][-]{section.5.3}{Security Requirements}{chapter.5}% 28
\BOOKMARK [1][-]{section.5.4}{Software Quality Attributes}{chapter.5}% 29
